orlis/open_source_benchmarks/apps/co.loubo.icicle_4_src.tar.gz/app/build/outputs/logs/manifest-merger-release-report.txt
-- Merging decision tree log ---
manifest
ADDED from src/main/AndroidManifest.xml:2:1-125:12
	package
		ADDED from src/main/AndroidManifest.xml:3:5-30
		INJECTED from src/main/AndroidManifest.xml
		INJECTED from src/main/AndroidManifest.xml
	android:versionName
		ADDED from src/main/AndroidManifest.xml:5:5-30
		INJECTED from src/main/AndroidManifest.xml
		INJECTED from src/main/AndroidManifest.xml
	android:versionCode
		ADDED from src/main/AndroidManifest.xml:4:5-28
		INJECTED from src/main/AndroidManifest.xml
		INJECTED from src/main/AndroidManifest.xml
	xmlns:android
		ADDED from src/main/AndroidManifest.xml:2:11-69
uses-permission#android.permission.INTERNET
ADDED from src/main/AndroidManifest.xml:7:5-67
	android:name
		ADDED from src/main/AndroidManifest.xml:7:22-64
uses-permission#android.permission.NFC
ADDED from src/main/AndroidManifest.xml:8:5-62
	android:name
		ADDED from src/main/AndroidManifest.xml:8:22-59
uses-permission#android.permission.READ_EXTERNAL_STORAGE
ADDED from src/main/AndroidManifest.xml:9:5-80
	android:name
		ADDED from src/main/AndroidManifest.xml:9:22-77
uses-permission#android.permission.WRITE_EXTERNAL_STORAGE
ADDED from src/main/AndroidManifest.xml:10:5-81
	android:name
		ADDED from src/main/AndroidManifest.xml:10:22-78
uses-permission#android.permission.ACCESS_NETWORK_STATE
ADDED from src/main/AndroidManifest.xml:11:5-79
	android:name
		ADDED from src/main/AndroidManifest.xml:11:22-76
uses-feature#android.hardware.nfc
ADDED from src/main/AndroidManifest.xml:13:5-15:36
	android:required
		ADDED from src/main/AndroidManifest.xml:15:9-33
	android:name
		ADDED from src/main/AndroidManifest.xml:14:9-44
application
ADDED from src/main/AndroidManifest.xml:17:5-123:19
MERGED from [com.android.support:appcompat-v7:21.0.3] AndroidManifest.xml:16:5-19
MERGED from [com.android.support:support-v4:21.0.3] AndroidManifest.xml:16:5-19
	android:label
		ADDED from src/main/AndroidManifest.xml:21:9-41
	android:allowBackup
		ADDED from src/main/AndroidManifest.xml:19:9-35
	android:icon
		ADDED from src/main/AndroidManifest.xml:20:9-45
	android:theme
		ADDED from src/main/AndroidManifest.xml:22:9-40
	android:name
		ADDED from src/main/AndroidManifest.xml:18:9-36
service#co.loubo.icicle.FCPService
ADDED from src/main/AndroidManifest.xml:23:9-47
	android:name
		ADDED from src/main/AndroidManifest.xml:23:18-44
activity#co.loubo.icicle.MainActivity
ADDED from src/main/AndroidManifest.xml:25:9-33:20
	android:label
		ADDED from src/main/AndroidManifest.xml:27:13-45
	android:name
		ADDED from src/main/AndroidManifest.xml:26:13-41
intent-filter#android.intent.action.MAIN+android.intent.category.LAUNCHER
ADDED from src/main/AndroidManifest.xml:28:13-32:29
action#android.intent.action.MAIN
ADDED from src/main/AndroidManifest.xml:29:17-69
	android:name
		ADDED from src/main/AndroidManifest.xml:29:25-66
category#android.intent.category.LAUNCHER
ADDED from src/main/AndroidManifest.xml:31:17-77
	android:name
		ADDED from src/main/AndroidManifest.xml:31:27-74
activity#co.loubo.icicle.UploadActivity
ADDED from src/main/AndroidManifest.xml:34:9-38:20
	android:label
		ADDED from src/main/AndroidManifest.xml:36:13-50
	android:parentActivityName
		ADDED from src/main/AndroidManifest.xml:37:13-55
	android:name
		ADDED from src/main/AndroidManifest.xml:35:13-43
activity#co.loubo.icicle.SettingsActivity
ADDED from src/main/AndroidManifest.xml:39:9-46:20
	android:label
		ADDED from src/main/AndroidManifest.xml:41:13-52
	android:parentActivityName
		ADDED from src/main/AndroidManifest.xml:42:13-55
	android:name
		ADDED from src/main/AndroidManifest.xml:40:13-45
meta-data#android.support.PARENT_ACTIVITY
ADDED from src/main/AndroidManifest.xml:43:13-45:64
	android:value
		ADDED from src/main/AndroidManifest.xml:45:17-61
	android:name
		ADDED from src/main/AndroidManifest.xml:44:17-63
activity#co.loubo.icicle.NodeManagerActivity
ADDED from src/main/AndroidManifest.xml:47:9-54:20
	android:label
		ADDED from src/main/AndroidManifest.xml:49:13-53
	android:parentActivityName
		ADDED from src/main/AndroidManifest.xml:50:13-59
	android:name
		ADDED from src/main/AndroidManifest.xml:48:13-48
activity#co.loubo.icicle.FriendNodeManagerActivity
ADDED from src/main/AndroidManifest.xml:55:9-62:20
	android:label
		ADDED from src/main/AndroidManifest.xml:57:13-60
	android:parentActivityName
		ADDED from src/main/AndroidManifest.xml:58:13-59
	android:name
		ADDED from src/main/AndroidManifest.xml:56:13-54
activity#co.loubo.icicle.OpenReferenceActivity
ADDED from src/main/AndroidManifest.xml:63:9-94:20
	android:label
		ADDED from src/main/AndroidManifest.xml:65:13-48
	android:name
		ADDED from src/main/AndroidManifest.xml:64:13-50
intent-filter#android.intent.action.VIEW+android.intent.category.BROWSABLE+android.intent.category.DEFAULT
ADDED from src/main/AndroidManifest.xml:66:13-75:29
action#android.intent.action.VIEW
ADDED from src/main/AndroidManifest.xml:67:17-69
	android:name
		ADDED from src/main/AndroidManifest.xml:67:25-66
category#android.intent.category.DEFAULT
ADDED from src/main/AndroidManifest.xml:69:17-76
	android:name
		ADDED from src/main/AndroidManifest.xml:69:27-73
category#android.intent.category.BROWSABLE
ADDED from src/main/AndroidManifest.xml:70:17-78
	android:name
		ADDED from src/main/AndroidManifest.xml:70:27-75
data
ADDED from src/main/AndroidManifest.xml:72:17-50
	android:scheme
		ADDED from src/main/AndroidManifest.xml:72:23-47
intent-filter#android.intent.category.DEFAULT+android.nfc.action.NDEF_DISCOVERED
ADDED from src/main/AndroidManifest.xml:87:13-93:29
action#android.nfc.action.NDEF_DISCOVERED
ADDED from src/main/AndroidManifest.xml:88:17-77
	android:name
		ADDED from src/main/AndroidManifest.xml:88:25-74
receiver#co.loubo.icicle.MainViewBroadcastReceiver
ADDED from src/main/AndroidManifest.xml:96:9-97:20
	android:name
		ADDED from src/main/AndroidManifest.xml:96:19-60
activity#co.loubo.icicle.ListMessagesActivity
ADDED from src/main/AndroidManifest.xml:99:9-106:20
	android:label
		ADDED from src/main/AndroidManifest.xml:101:13-65
	android:parentActivityName
		ADDED from src/main/AndroidManifest.xml:102:13-55
	android:name
		ADDED from src/main/AndroidManifest.xml:100:13-49
activity#co.loubo.icicle.ComposeMessageActivity
ADDED from src/main/AndroidManifest.xml:107:9-114:20
	android:label
		ADDED from src/main/AndroidManifest.xml:109:13-67
	android:parentActivityName
		ADDED from src/main/AndroidManifest.xml:110:13-63
	android:name
		ADDED from src/main/AndroidManifest.xml:108:13-51
activity#co.loubo.icicle.ListRecipientsActivity
ADDED from src/main/AndroidManifest.xml:115:9-122:20
	android:label
		ADDED from src/main/AndroidManifest.xml:117:13-68
	android:parentActivityName
		ADDED from src/main/AndroidManifest.xml:118:13-63
	android:name
		ADDED from src/main/AndroidManifest.xml:116:13-51
uses-sdk
INJECTED from src/main/AndroidManifest.xml reason: use-sdk injection requested
MERGED from [com.android.support:appcompat-v7:21.0.3] AndroidManifest.xml:15:5-42
MERGED from [com.android.support:support-v4:21.0.3] AndroidManifest.xml:15:5-42
	android:targetSdkVersion
		INJECTED from src/main/AndroidManifest.xml
		INJECTED from src/main/AndroidManifest.xml
	android:minSdkVersion
		INJECTED from src/main/AndroidManifest.xml
		INJECTED from src/main/AndroidManifest.xml